

Version:	3.10
CmdLine:	C:\Users\SaeloZahra\Desktop\damaara.exe --l4j-debug
WOW64:		yes
Working dir:	C:\Users\SaeloZahra\Desktop\.
Java min ver:	1.7.1
Java max ver:	
64-bit search:	SOFTWARE\JavaSoft\Java Runtime Environment...
Check:		SOFTWARE\JavaSoft\Java Runtime Environment\1.8
Check launcher:	C:\Program Files\Java\jre1.8.0_201\bin\javaw.exe (OK)
Match:		1.8
Check:		SOFTWARE\JavaSoft\Java Runtime Environment\1.8.0_201
Check launcher:	C:\Program Files\Java\jre1.8.0_201\bin\javaw.exe (OK)
Match:		1.8.0_201
64-bit search:	SOFTWARE\JavaSoft\Java Development Kit...
Check:		SOFTWARE\JavaSoft\Java Development Kit\1.8
Ignore:		1.8
Check:		SOFTWARE\JavaSoft\Java Development Kit\1.8.0_201
Ignore:		1.8.0_201
64-bit search:	SOFTWARE\JavaSoft\JRE...
64-bit search:	SOFTWARE\JavaSoft\JDK...
Check:		SOFTWARE\JavaSoft\JDK\11
Check launcher:	C:\Program Files\Java\jdk-11\jre\bin\javaw.exe (not found)
Ignore:		11
Runtime used:	1.8.0_201 (64-bit)
Launcher:	C:\Program Files\Java\jre1.8.0_201\bin\javaw.exe
Launcher args:	-jar "C:\Users\SaeloZahra\Desktop\damaara.exe"
Args length:	46/32768 chars
call with lotfi


Version:	3.10
CmdLine:	C:\Users\SaeloZahra\Desktop\damaara.exe --l4j-debug
WOW64:		yes
Working dir:	C:\Users\SaeloZahra\Desktop\.
Java min ver:	1.7.1
Java max ver:	
64-bit search:	SOFTWARE\JavaSoft\Java Runtime Environment...
Check:		SOFTWARE\JavaSoft\Java Runtime Environment\1.8
Check launcher:	C:\Program Files\Java\jre1.8.0_201\bin\javaw.exe (OK)
Match:		1.8
Check:		SOFTWARE\JavaSoft\Java Runtime Environment\1.8.0_201
Check launcher:	C:\Program Files\Java\jre1.8.0_201\bin\javaw.exe (OK)
Match:		1.8.0_201
64-bit search:	SOFTWARE\JavaSoft\Java Development Kit...
Check:		SOFTWARE\JavaSoft\Java Development Kit\1.8
Ignore:		1.8
Check:		SOFTWARE\JavaSoft\Java Development Kit\1.8.0_201
Ignore:		1.8.0_201
64-bit search:	SOFTWARE\JavaSoft\JRE...
64-bit search:	SOFTWARE\JavaSoft\JDK...
Check:		SOFTWARE\JavaSoft\JDK\11
Check launcher:	C:\Program Files\Java\jdk-11\jre\bin\javaw.exe (not found)
Ignore:		11
Runtime used:	1.8.0_201 (64-bit)
Launcher:	C:\Program Files\Java\jre1.8.0_201\bin\javaw.exe
Launcher args:	-jar "C:\Users\SaeloZahra\Desktop\damaara.exe"
Args length:	46/32768 chars
Error msg:	khatayi rokh dad 
call with lotfi


Version:	3.10
CmdLine:	C:\Users\SaeloZahra\Desktop\damaara.exe --l4j-debug
WOW64:		yes
Working dir:	C:\Users\SaeloZahra\Desktop\.
Java min ver:	1.7.1
Java max ver:	
64-bit search:	SOFTWARE\JavaSoft\Java Runtime Environment...
Check:		SOFTWARE\JavaSoft\Java Runtime Environment\1.8
Check launcher:	C:\Program Files\Java\jre1.8.0_201\bin\javaw.exe (OK)
Match:		1.8
Check:		SOFTWARE\JavaSoft\Java Runtime Environment\1.8.0_201
Check launcher:	C:\Program Files\Java\jre1.8.0_201\bin\javaw.exe (OK)
Match:		1.8.0_201
64-bit search:	SOFTWARE\JavaSoft\Java Development Kit...
Check:		SOFTWARE\JavaSoft\Java Development Kit\1.8
Ignore:		1.8
Check:		SOFTWARE\JavaSoft\Java Development Kit\1.8.0_201
Ignore:		1.8.0_201
64-bit search:	SOFTWARE\JavaSoft\JRE...
64-bit search:	SOFTWARE\JavaSoft\JDK...
Check:		SOFTWARE\JavaSoft\JDK\11
Check launcher:	C:\Program Files\Java\jdk-11\jre\bin\javaw.exe (not found)
Ignore:		11
Runtime used:	1.8.0_201 (64-bit)
Launcher:	C:\Program Files\Java\jre1.8.0_201\bin\javaw.exe
Launcher args:	-jar "C:\Users\SaeloZahra\Desktop\damaara.exe"
Args length:	46/32768 chars
Error msg:	khatayi rokh dad 
call with lotfi


Version:	3.10
CmdLine:	C:\Users\SaeloZahra\Desktop\damaara.exe --l4j-debug
WOW64:		yes
Working dir:	C:\Users\SaeloZahra\Desktop\.
Java min ver:	1.7.1
Java max ver:	
64-bit search:	SOFTWARE\JavaSoft\Java Runtime Environment...
Check:		SOFTWARE\JavaSoft\Java Runtime Environment\1.8
Check launcher:	C:\Program Files\Java\jre1.8.0_201\bin\javaw.exe (OK)
Match:		1.8
Check:		SOFTWARE\JavaSoft\Java Runtime Environment\1.8.0_201
Check launcher:	C:\Program Files\Java\jre1.8.0_201\bin\javaw.exe (OK)
Match:		1.8.0_201
64-bit search:	SOFTWARE\JavaSoft\Java Development Kit...
Check:		SOFTWARE\JavaSoft\Java Development Kit\1.8
Ignore:		1.8
Check:		SOFTWARE\JavaSoft\Java Development Kit\1.8.0_201
Ignore:		1.8.0_201
64-bit search:	SOFTWARE\JavaSoft\JRE...
64-bit search:	SOFTWARE\JavaSoft\JDK...
Check:		SOFTWARE\JavaSoft\JDK\11
Check launcher:	C:\Program Files\Java\jdk-11\jre\bin\javaw.exe (not found)
Ignore:		11
Runtime used:	1.8.0_201 (64-bit)
Launcher:	C:\Program Files\Java\jre1.8.0_201\bin\javaw.exe
Launcher args:	-jar "C:\Users\SaeloZahra\Desktop\damaara.exe"
Args length:	46/32768 chars
Error msg:	khatayi rokh dad 
call with lotfi


Version:	3.10
CmdLine:	C:\Users\SaeloZahra\Desktop\damaara.exe --l4j-debug
WOW64:		yes
Working dir:	C:\Users\SaeloZahra\Desktop\.
Java min ver:	1.7.1
Java max ver:	
64-bit search:	SOFTWARE\JavaSoft\Java Runtime Environment...
Check:		SOFTWARE\JavaSoft\Java Runtime Environment\1.8
Check launcher:	C:\Program Files\Java\jre1.8.0_201\bin\javaw.exe (OK)
Match:		1.8
Check:		SOFTWARE\JavaSoft\Java Runtime Environment\1.8.0_201
Check launcher:	C:\Program Files\Java\jre1.8.0_201\bin\javaw.exe (OK)
Match:		1.8.0_201
64-bit search:	SOFTWARE\JavaSoft\Java Development Kit...
Check:		SOFTWARE\JavaSoft\Java Development Kit\1.8
Ignore:		1.8
Check:		SOFTWARE\JavaSoft\Java Development Kit\1.8.0_201
Ignore:		1.8.0_201
64-bit search:	SOFTWARE\JavaSoft\JRE...
64-bit search:	SOFTWARE\JavaSoft\JDK...
Check:		SOFTWARE\JavaSoft\JDK\11
Check launcher:	C:\Program Files\Java\jdk-11\jre\bin\javaw.exe (not found)
Ignore:		11
Runtime used:	1.8.0_201 (64-bit)
Launcher:	C:\Program Files\Java\jre1.8.0_201\bin\javaw.exe
Launcher args:	-jar "C:\Users\SaeloZahra\Desktop\damaara.exe"
Args length:	46/32768 chars
Error msg:	khatayi rokh dad 
call with lotfi


Version:	3.10
CmdLine:	C:\Users\SaeloZahra\Desktop\damaara.exe --l4j-debug
WOW64:		yes
Working dir:	C:\Users\SaeloZahra\Desktop\.
Java min ver:	1.7.1
Java max ver:	
64-bit search:	SOFTWARE\JavaSoft\Java Runtime Environment...
Check:		SOFTWARE\JavaSoft\Java Runtime Environment\1.8
Check launcher:	C:\Program Files\Java\jre1.8.0_201\bin\javaw.exe (OK)
Match:		1.8
Check:		SOFTWARE\JavaSoft\Java Runtime Environment\1.8.0_201
Check launcher:	C:\Program Files\Java\jre1.8.0_201\bin\javaw.exe (OK)
Match:		1.8.0_201
64-bit search:	SOFTWARE\JavaSoft\Java Development Kit...
Check:		SOFTWARE\JavaSoft\Java Development Kit\1.8
Ignore:		1.8
Check:		SOFTWARE\JavaSoft\Java Development Kit\1.8.0_201
Ignore:		1.8.0_201
64-bit search:	SOFTWARE\JavaSoft\JRE...
64-bit search:	SOFTWARE\JavaSoft\JDK...
Check:		SOFTWARE\JavaSoft\JDK\11
Check launcher:	C:\Program Files\Java\jdk-11\jre\bin\javaw.exe (not found)
Ignore:		11
Runtime used:	1.8.0_201 (64-bit)
Launcher:	C:\Program Files\Java\jre1.8.0_201\bin\javaw.exe
Launcher args:	-jar "C:\Users\SaeloZahra\Desktop\damaara.exe"
Args length:	46/32768 chars
Error msg:	An error occurred while starting the application.


Version:	3.10
CmdLine:	C:\Users\SaeloZahra\Desktop\damaara.exe --l4j-debug
WOW64:		yes
Working dir:	C:\Users\SaeloZahra\Desktop\.
Java min ver:	1.7.0
Java max ver:	
64-bit search:	SOFTWARE\JavaSoft\Java Runtime Environment...
Check:		SOFTWARE\JavaSoft\Java Runtime Environment\1.8
Check launcher:	C:\Program Files\Java\jre1.8.0_201\bin\javaw.exe (OK)
Match:		1.8
Check:		SOFTWARE\JavaSoft\Java Runtime Environment\1.8.0_201
Check launcher:	C:\Program Files\Java\jre1.8.0_201\bin\javaw.exe (OK)
Match:		1.8.0_201
64-bit search:	SOFTWARE\JavaSoft\Java Development Kit...
Check:		SOFTWARE\JavaSoft\Java Development Kit\1.8
Ignore:		1.8
Check:		SOFTWARE\JavaSoft\Java Development Kit\1.8.0_201
Ignore:		1.8.0_201
64-bit search:	SOFTWARE\JavaSoft\JRE...
64-bit search:	SOFTWARE\JavaSoft\JDK...
Check:		SOFTWARE\JavaSoft\JDK\11
Check launcher:	C:\Program Files\Java\jdk-11\jre\bin\javaw.exe (not found)
Ignore:		11
Runtime used:	1.8.0_201 (64-bit)
Launcher:	C:\Program Files\Java\jre1.8.0_201\bin\javaw.exe
Launcher args:	-jar "C:\Users\SaeloZahra\Desktop\damaara.exe"
Args length:	46/32768 chars
Error msg:	An error occurred while starting the application.


Version:	3.10
CmdLine:	C:\Users\SaeloZahra\Desktop\damaara.exe --l4j-debug
WOW64:		yes
Working dir:	C:\Users\SaeloZahra\Desktop\.
Java min ver:	1.7.0
Java max ver:	
64-bit search:	SOFTWARE\JavaSoft\Java Runtime Environment...
Check:		SOFTWARE\JavaSoft\Java Runtime Environment\1.8
Check launcher:	C:\Program Files\Java\jre1.8.0_201\bin\javaw.exe (OK)
Match:		1.8
Check:		SOFTWARE\JavaSoft\Java Runtime Environment\1.8.0_201
Check launcher:	C:\Program Files\Java\jre1.8.0_201\bin\javaw.exe (OK)
Match:		1.8.0_201
64-bit search:	SOFTWARE\JavaSoft\Java Development Kit...
Check:		SOFTWARE\JavaSoft\Java Development Kit\1.8
Ignore:		1.8
Check:		SOFTWARE\JavaSoft\Java Development Kit\1.8.0_201
Ignore:		1.8.0_201
64-bit search:	SOFTWARE\JavaSoft\JRE...
64-bit search:	SOFTWARE\JavaSoft\JDK...
Check:		SOFTWARE\JavaSoft\JDK\11
Check launcher:	C:\Program Files\Java\jdk-11\jre\bin\javaw.exe (not found)
Ignore:		11
Runtime used:	1.8.0_201 (64-bit)
Launcher:	C:\Program Files\Java\jre1.8.0_201\bin\javaw.exe
Launcher args:	-jar "C:\Users\SaeloZahra\Desktop\damaara.exe"
Args length:	46/32768 chars
Error msg:	An error occurred while starting the application.


Version:	3.10
CmdLine:	C:\Users\SaeloZahra\Desktop\damaara.exe --l4j-debug
WOW64:		yes
Working dir:	C:\Users\SaeloZahra\Desktop\.
Java min ver:	1.7.0
Java max ver:	
64-bit search:	SOFTWARE\JavaSoft\Java Runtime Environment...
Check:		SOFTWARE\JavaSoft\Java Runtime Environment\1.8
Check launcher:	C:\Program Files\Java\jre1.8.0_201\bin\javaw.exe (OK)
Match:		1.8
Check:		SOFTWARE\JavaSoft\Java Runtime Environment\1.8.0_201
Check launcher:	C:\Program Files\Java\jre1.8.0_201\bin\javaw.exe (OK)
Match:		1.8.0_201
64-bit search:	SOFTWARE\JavaSoft\Java Development Kit...
Check:		SOFTWARE\JavaSoft\Java Development Kit\1.8
Ignore:		1.8
Check:		SOFTWARE\JavaSoft\Java Development Kit\1.8.0_201
Ignore:		1.8.0_201
64-bit search:	SOFTWARE\JavaSoft\JRE...
64-bit search:	SOFTWARE\JavaSoft\JDK...
Check:		SOFTWARE\JavaSoft\JDK\11
Check launcher:	C:\Program Files\Java\jdk-11\jre\bin\javaw.exe (not found)
Ignore:		11
Runtime used:	1.8.0_201 (64-bit)
Launcher:	C:\Program Files\Java\jre1.8.0_201\bin\javaw.exe
Launcher args:	-jar "C:\Users\SaeloZahra\Desktop\damaara.exe"
Args length:	46/32768 chars
Exit code:	0


Version:	3.10
CmdLine:	C:\Users\SaeloZahra\Desktop\damaara.exe --l4j-debug
WOW64:		yes
Working dir:	C:\Users\SaeloZahra\Desktop\.
Java min ver:	1.7.0
Java max ver:	
64-bit search:	SOFTWARE\JavaSoft\Java Runtime Environment...
Check:		SOFTWARE\JavaSoft\Java Runtime Environment\1.8
Check launcher:	C:\Program Files\Java\jre1.8.0_201\bin\javaw.exe (OK)
Match:		1.8
Check:		SOFTWARE\JavaSoft\Java Runtime Environment\1.8.0_201
Check launcher:	C:\Program Files\Java\jre1.8.0_201\bin\javaw.exe (OK)
Match:		1.8.0_201
64-bit search:	SOFTWARE\JavaSoft\Java Development Kit...
Check:		SOFTWARE\JavaSoft\Java Development Kit\1.8
Ignore:		1.8
Check:		SOFTWARE\JavaSoft\Java Development Kit\1.8.0_201
Ignore:		1.8.0_201
64-bit search:	SOFTWARE\JavaSoft\JRE...
64-bit search:	SOFTWARE\JavaSoft\JDK...
Check:		SOFTWARE\JavaSoft\JDK\11
Check launcher:	C:\Program Files\Java\jdk-11\jre\bin\javaw.exe (not found)
Ignore:		11
Runtime used:	1.8.0_201 (64-bit)
Launcher:	C:\Program Files\Java\jre1.8.0_201\bin\javaw.exe
Launcher args:	-jar "C:\Users\SaeloZahra\Desktop\damaara.exe"
Args length:	46/32768 chars
Exit code:	0


Version:	3.10
CmdLine:	C:\Users\SaeloZahra\Desktop\damaara.exe --l4j-debug
WOW64:		yes
Working dir:	C:\Users\SaeloZahra\Desktop\.
Java min ver:	1.7.0
Java max ver:	
64-bit search:	SOFTWARE\JavaSoft\Java Runtime Environment...
Check:		SOFTWARE\JavaSoft\Java Runtime Environment\1.8
Check launcher:	C:\Program Files\Java\jre1.8.0_201\bin\javaw.exe (OK)
Match:		1.8
Check:		SOFTWARE\JavaSoft\Java Runtime Environment\1.8.0_201
Check launcher:	C:\Program Files\Java\jre1.8.0_201\bin\javaw.exe (OK)
Match:		1.8.0_201
64-bit search:	SOFTWARE\JavaSoft\Java Development Kit...
Check:		SOFTWARE\JavaSoft\Java Development Kit\1.8
Ignore:		1.8
Check:		SOFTWARE\JavaSoft\Java Development Kit\1.8.0_201
Ignore:		1.8.0_201
64-bit search:	SOFTWARE\JavaSoft\JRE...
64-bit search:	SOFTWARE\JavaSoft\JDK...
Check:		SOFTWARE\JavaSoft\JDK\11
Check launcher:	C:\Program Files\Java\jdk-11\jre\bin\javaw.exe (not found)
Ignore:		11
Runtime used:	1.8.0_201 (64-bit)
Launcher:	C:\Program Files\Java\jre1.8.0_201\bin\javaw.exe
Launcher args:	-jar "C:\Users\SaeloZahra\Desktop\damaara.exe"
Args length:	46/32768 chars
Exit code:	0
